C51 COMPILER V9.57.0.0   MAIN                                                              09/11/2025 10:57:57 PAGE 1   


C51 COMPILER V9.57.0.0, COMPILATION OF MODULE MAIN
OBJECT MODULE PLACED IN .\Objects\main.obj
COMPILER INVOKED BY: D:\Keil_v5\C51\BIN\C51.EXE main.c OPTIMIZE(8,SPEED) BROWSE DEBUG OBJECTEXTEND PRINT(.\Listings\main
                    -.lst) TABS(2) OBJECT(.\Objects\main.obj)

line level    source

   1          #include <REGX52.H>
   2          
   3          void Delay(unsigned int xms)  //@11.0592MHz
   4          {
   5   1        unsigned char data i, j;
   6   1        while(xms)
   7   1        {
   8   2          i = 2;
   9   2          j = 199;
  10   2          do
  11   2          {
  12   3            while (--j);
  13   3          } while (--i);
  14   2          xms--;
  15   2        }
  16   1      }
  17          
  18          
  19          int main()
  20          {
  21   1        while(1)
  22   1        {
  23   2          P2 = 0xfe;
  24   2          Delay(500);
  25   2          P2 = 0xfd;
  26   2          Delay(500);
  27   2          P2 = 0xfb;
  28   2          Delay(500);
  29   2          P2 = 0xf7;
  30   2          Delay(500);
  31   2          P2 = 0xef;
  32   2          Delay(500);
  33   2          P2 = 0xdf;
  34   2          Delay(500);
  35   2          P2 = 0xbf;
  36   2          Delay(500);
  37   2          P2 = 0x7f;
  38   2          Delay(500);
  39   2        }
  40   1      }


MODULE INFORMATION:   STATIC OVERLAYABLE
   CODE SIZE        =     74    ----
   CONSTANT SIZE    =   ----    ----
   XDATA SIZE       =   ----    ----
   PDATA SIZE       =   ----    ----
   DATA SIZE        =   ----    ----
   IDATA SIZE       =   ----    ----
   BIT SIZE         =   ----    ----
END OF MODULE INFORMATION.


C51 COMPILATION COMPLETE.  0 WARNING(S),  0 ERROR(S)
