C51 COMPILER V9.57.0.0   MAIN                                                              09/11/2025 18:31:42 PAGE 1   


C51 COMPILER V9.57.0.0, COMPILATION OF MODULE MAIN
OBJECT MODULE PLACED IN .\Objects\main.obj
COMPILER INVOKED BY: D:\Keil_v5\C51\BIN\C51.EXE main.c OPTIMIZE(8,SPEED) BROWSE DEBUG OBJECTEXTEND PRINT(.\Listings\main
                    -.lst) OBJECT(.\Objects\main.obj)

line level    source

   1           #include <REGX52.H>
   2          
   3          unsigned char Seg_Dei[] = {0x3f,0x06,0x5b,0x4f,0x66,0x6d,0x7d,0x07,0x7f,0x6f};
   4          
   5          void Nixie(unsigned char wei,dei)
   6          {
   7   1              switch(wei)
   8   1              {
   9   2                      case 1:
  10   2                              P2_4 = 1;
  11   2                              P2_3 = 1;
  12   2                              P2_2 = 1;
  13   2                      break;
  14   2                      case 2:
  15   2                              P2_4 = 1;
  16   2                              P2_3 = 1;
  17   2                              P2_2 = 0;
  18   2                      break;
  19   2                      case 3:
  20   2                              P2_4 = 1;
  21   2                              P2_3 = 0;
  22   2                              P2_2 = 1;
  23   2                      break;
  24   2                      case 4:
  25   2                              P2_4 = 1;
  26   2                              P2_3 = 0;
  27   2                              P2_2 = 0;
  28   2                      break;
  29   2                      case 5:
  30   2                              P2_4 = 0;
  31   2                              P2_3 = 1;
  32   2                              P2_2 = 1;
  33   2                      break;
  34   2                      case 6:
  35   2                              P2_4 = 0;
  36   2                              P2_3 = 1;
  37   2                              P2_2 = 0;
  38   2                      break;
  39   2                      case 7:
  40   2                              P2_4 = 0;
  41   2                              P2_3 = 0;
  42   2                              P2_2 = 1;
  43   2                      break;
  44   2                      case 8:
  45   2                              P2_4 = 0;
  46   2                              P2_3 = 0;
  47   2                              P2_2 = 0;
  48   2                      break;
  49   2              }
  50   1              P0 = Seg_Dei[dei];
  51   1      }
  52          
  53          int main()
  54          {
C51 COMPILER V9.57.0.0   MAIN                                                              09/11/2025 18:31:42 PAGE 2   

  55   1              Nixie(2,4);
  56   1              while(1)
  57   1              {
  58   2                      
  59   2              }
  60   1      }


MODULE INFORMATION:   STATIC OVERLAYABLE
   CODE SIZE        =    110    ----
   CONSTANT SIZE    =   ----    ----
   XDATA SIZE       =   ----    ----
   PDATA SIZE       =   ----    ----
   DATA SIZE        =     10    ----
   IDATA SIZE       =   ----    ----
   BIT SIZE         =   ----    ----
END OF MODULE INFORMATION.


C51 COMPILATION COMPLETE.  0 WARNING(S),  0 ERROR(S)
