C51 COMPILER V9.57.0.0   KEY                                                               09/11/2025 21:19:53 PAGE 1   


C51 COMPILER V9.57.0.0, COMPILATION OF MODULE KEY
OBJECT MODULE PLACED IN .\Objects\Key.obj
COMPILER INVOKED BY: D:\Keil_v5\C51\BIN\C51.EXE Key.c OPTIMIZE(8,SPEED) BROWSE DEBUG OBJECTEXTEND PRINT(.\Listings\Key.l
                    -st) OBJECT(.\Objects\Key.obj)

line level    source

   1          #include <REGX52.H>
   2          #include "Delay.h"
   3          
   4          unsigned char Key_Read()
   5          {
   6   1              unsigned char temp = 0;
   7   1              
   8   1              P1 = 0xff;
   9   1              P1_3 = 0;
  10   1              if(P1_7 == 0){Delay(20);while(P1_7 == 0);Delay(20);temp = 1;}
  11   1              if(P1_6 == 0){Delay(20);while(P1_6 == 0);Delay(20);temp = 5;}
  12   1              if(P1_5 == 0){Delay(20);while(P1_5 == 0);Delay(20);temp = 9;}
  13   1              if(P1_4 == 0){Delay(20);while(P1_4 == 0);Delay(20);temp = 13;}
  14   1              P1 = 0xff;
  15   1              P1_2 = 0;
  16   1              if(P1_7 == 0){Delay(20);while(P1_7 == 0);Delay(20);temp = 2;}
  17   1              if(P1_6 == 0){Delay(20);while(P1_6 == 0);Delay(20);temp = 6;}
  18   1              if(P1_5 == 0){Delay(20);while(P1_5 == 0);Delay(20);temp = 10;}
  19   1              if(P1_4 == 0){Delay(20);while(P1_4 == 0);Delay(20);temp = 14;}
  20   1              P1 = 0xff;
  21   1              P1_1 = 0;
  22   1              if(P1_7 == 0){Delay(20);while(P1_7 == 0);Delay(20);temp = 3;}
  23   1              if(P1_6 == 0){Delay(20);while(P1_6 == 0);Delay(20);temp = 7;}
  24   1              if(P1_5 == 0){Delay(20);while(P1_5 == 0);Delay(20);temp = 11;}
  25   1              if(P1_4 == 0){Delay(20);while(P1_4 == 0);Delay(20);temp = 15;}
  26   1              P1 = 0xff;
  27   1              P1_0 = 0;
  28   1              if(P1_7 == 0){Delay(20);while(P1_7 == 0);Delay(20);temp = 4;}
  29   1              if(P1_6 == 0){Delay(20);while(P1_6 == 0);Delay(20);temp = 8;}
  30   1              if(P1_5 == 0){Delay(20);while(P1_5 == 0);Delay(20);temp = 12;}
  31   1              if(P1_4 == 0){Delay(20);while(P1_4 == 0);Delay(20);temp = 16;}
  32   1              
  33   1              return temp;
  34   1      }


MODULE INFORMATION:   STATIC OVERLAYABLE
   CODE SIZE        =    393    ----
   CONSTANT SIZE    =   ----    ----
   XDATA SIZE       =   ----    ----
   PDATA SIZE       =   ----    ----
   DATA SIZE        =   ----       1
   IDATA SIZE       =   ----    ----
   BIT SIZE         =   ----    ----
END OF MODULE INFORMATION.


C51 COMPILATION COMPLETE.  0 WARNING(S),  0 ERROR(S)
