C51 COMPILER V9.57.0.0   MAIN                                                              09/18/2025 22:59:50 PAGE 1   


C51 COMPILER V9.57.0.0, COMPILATION OF MODULE MAIN
OBJECT MODULE PLACED IN .\Objects\main.obj
COMPILER INVOKED BY: D:\Keil_v5\C51\BIN\C51.EXE main.c OPTIMIZE(8,SPEED) BROWSE DEBUG OBJECTEXTEND PRINT(.\Listings\main
                    -.lst) OBJECT(.\Objects\main.obj)

line level    source

   1          #include <REGX52.H>
   2          #include "Delay.h"
   3          #include "Key.h"
   4          #include "LCD1602.h"
   5          #include "Ds1302.h"
   6          
   7          unsigned char Second,Minute;
   8          
   9          int main()
  10          {
  11   1              DS1302_Init();
  12   1              LCD_Init();
  13   1              LCD_ShowString(1,1,"RTC");
  14   1              DS1302_WriteByte(0x80,0x55);
  15   1              DS1302_WriteByte(0x82,0x03);
  16   1              while(1)
  17   1              {
  18   2                      Second = DS1302_Read(0x81);
  19   2                      Minute = DS1302_Read(0x83);
  20   2                      LCD_ShowNum(2,1,Minute/16*10+Minute%16,2);
  21   2                      LCD_ShowNum(2,4,Second/16*10+Second%16,2);
  22   2              }
  23   1      }


MODULE INFORMATION:   STATIC OVERLAYABLE
   CODE SIZE        =    117    ----
   CONSTANT SIZE    =      4    ----
   XDATA SIZE       =   ----    ----
   PDATA SIZE       =   ----    ----
   DATA SIZE        =      2    ----
   IDATA SIZE       =   ----    ----
   BIT SIZE         =   ----    ----
END OF MODULE INFORMATION.


C51 COMPILATION COMPLETE.  0 WARNING(S),  0 ERROR(S)
