C51 COMPILER V9.57.0.0   LEDZ                                                              09/17/2025 19:06:36 PAGE 1   


C51 COMPILER V9.57.0.0, COMPILATION OF MODULE LEDZ
OBJECT MODULE PLACED IN .\Objects\LedZ.obj
COMPILER INVOKED BY: D:\Keil_v5\C51\BIN\C51.EXE LedZ.c OPTIMIZE(8,SPEED) BROWSE DEBUG OBJECTEXTEND PRINT(.\Listings\LedZ
                    -.lst) OBJECT(.\Objects\LedZ.obj)

line level    source

   1          #include <REGX52.H>
   2          #include "Delay.h"
   3          
   4          sbit RCK = P3^5;
   5          sbit SCK = P3^6;
   6          sbit SER = P3^4;
   7          
   8          
   9          void LedZ_Init()
  10          {
  11   1              RCK = 0;
  12   1              SCK = 0;
  13   1      }
  14          
  15          void LedZ_Data(unsigned char Data)
  16          {
  17   1              unsigned char i;
  18   1              for(i=0;i<8;i++)
  19   1              {
  20   2                      SER = Data & (0x80>>i);
  21   2                      SCK = 1;
  22   2                      SCK = 0;
  23   2              }
  24   1              RCK = 1;
  25   1              RCK = 0;
  26   1      }
  27          
  28          
  29          void LedZ_Show(unsigned char Data1,Data2)
  30          {
  31   1              LedZ_Data(Data2);
  32   1              P0 = ~(0x80>>Data1);
  33   1              Delay(1);
  34   1              P0 = 0xff;
  35   1      }


MODULE INFORMATION:   STATIC OVERLAYABLE
   CODE SIZE        =     84    ----
   CONSTANT SIZE    =   ----    ----
   XDATA SIZE       =   ----    ----
   PDATA SIZE       =   ----    ----
   DATA SIZE        =   ----    ----
   IDATA SIZE       =   ----    ----
   BIT SIZE         =   ----    ----
END OF MODULE INFORMATION.


C51 COMPILATION COMPLETE.  0 WARNING(S),  0 ERROR(S)
