C51 COMPILER V9.57.0.0   MAIN                                                              09/17/2025 20:44:31 PAGE 1   


C51 COMPILER V9.57.0.0, COMPILATION OF MODULE MAIN
OBJECT MODULE PLACED IN .\Objects\main.obj
COMPILER INVOKED BY: D:\Keil_v5\C51\BIN\C51.EXE main.c OPTIMIZE(8,SPEED) BROWSE DEBUG OBJECTEXTEND PRINT(.\Listings\main
                    -.lst) OBJECT(.\Objects\main.obj)

line level    source

   1          #include <REGX52.H>
   2          #include "Delay.h"
   3          #include "LedZ.h"
   4          
   5          unsigned char code Animation[] = 
   6                  {
   7                          0x00,0x03,0x04,0x38,0x58,0x64,0x83,0x00,
   8                          0x00,0x03,0x34,0x48,0xA8,0x14,0x03,0x00,
   9                          0x00,0x03,0x14,0x28,0x58,0x04,0x03,0x00,
  10                          0x00,0x03,0x04,0x18,0x28,0x34,0x43,0x00,
  11                          0x00,0x03,0x14,0x28,0x58,0x04,0x03,0x00,
  12                          0x00,0x03,0x34,0x48,0xA8,0x14,0x03,0x00
  13                  };
  14          
  15          int main()
  16          {
  17   1              unsigned char i,iffset = 0,Count = 0;
  18   1              LedZ_Init();
  19   1              while(1)
  20   1              {
  21   2                      for(i=0;i<8;i++)
  22   2                      {
  23   3                              LedZ_Show(i,Animation[i+iffset]);
  24   3                      }       
  25   2                      Count++;
  26   2                      if(Count>15)
  27   2                      {
  28   3                              Count = 0;
  29   3                              iffset+=8;
  30   3                              if(iffset>40) iffset =0;
  31   3                      }
  32   2              }
  33   1      }


MODULE INFORMATION:   STATIC OVERLAYABLE
   CODE SIZE        =     64    ----
   CONSTANT SIZE    =     48    ----
   XDATA SIZE       =   ----    ----
   PDATA SIZE       =   ----    ----
   DATA SIZE        =   ----       3
   IDATA SIZE       =   ----    ----
   BIT SIZE         =   ----    ----
END OF MODULE INFORMATION.


C51 COMPILATION COMPLETE.  0 WARNING(S),  0 ERROR(S)
