C51 COMPILER V9.57.0.0   MAIN                                                              09/11/2025 12:25:04 PAGE 1   


C51 COMPILER V9.57.0.0, COMPILATION OF MODULE MAIN
OBJECT MODULE PLACED IN .\Objects\main.obj
COMPILER INVOKED BY: D:\Keil_v5\C51\BIN\C51.EXE main.c OPTIMIZE(8,SPEED) BROWSE DEBUG OBJECTEXTEND PRINT(.\Listings\main
                    -.lst) OBJECT(.\Objects\main.obj)

line level    source

   1          #include <REGX52.H>
   2          void Delay(unsigned char xms);
   3          char Led = 0;
   4          
   5          void Delay(unsigned char xms)   //@11.0592MHz
   6          {
   7   1              unsigned char data i, j;
   8   1      
   9   1              while(xms--)
  10   1              {
  11   2                      i = 2;
  12   2                      j = 199;
  13   2                      do
  14   2                      {
  15   3                              while (--j);
  16   3                      } while (--i);
  17   2              }
  18   1              
  19   1      }
  20          
  21          
  22          int main()
  23          {
  24   1              P2 = ~0x01;
  25   1              while(1)
  26   1              {
  27   2                      if(P3_1 == 0)
  28   2                      {
  29   3                              Delay(20);
  30   3                              while(P3_1 == 0);
  31   3                              Delay(20);
  32   3                              Led++;
  33   3                              if(Led>=8)
  34   3                                      Led = 0;
  35   3                              P2 = ~(0x01<<Led);
  36   3                      }
  37   2                      if(P3_0 == 0)
  38   2                      {
  39   3                              Delay(20);
  40   3                              while(P3_0 == 0);
  41   3                              Delay(20);
  42   3                              Led--;
  43   3                              if(Led<0)
  44   3                                      Led = 7;
  45   3                              P2 = ~(0x01<<Led);
  46   3                      }
  47   2              }
  48   1      }


MODULE INFORMATION:   STATIC OVERLAYABLE
   CODE SIZE        =    114    ----
   CONSTANT SIZE    =   ----    ----
   XDATA SIZE       =   ----    ----
C51 COMPILER V9.57.0.0   MAIN                                                              09/11/2025 12:25:04 PAGE 2   

   PDATA SIZE       =   ----    ----
   DATA SIZE        =      1    ----
   IDATA SIZE       =   ----    ----
   BIT SIZE         =   ----    ----
END OF MODULE INFORMATION.


C51 COMPILATION COMPLETE.  0 WARNING(S),  0 ERROR(S)
