C51 COMPILER V9.57.0.0   MAIN                                                              09/11/2025 12:00:34 PAGE 1   


C51 COMPILER V9.57.0.0, COMPILATION OF MODULE MAIN
OBJECT MODULE PLACED IN .\Objects\main.obj
COMPILER INVOKED BY: D:\Keil_v5\C51\BIN\C51.EXE main.c OPTIMIZE(8,SPEED) BROWSE DEBUG OBJECTEXTEND PRINT(.\Listings\main
                    -.lst) OBJECT(.\Objects\main.obj)

line level    source

   1          #include <REGX52.H>
   2          
   3          
   4          void Delay(unsigned int ms)     //@11.0592MHz
   5          {
   6   1              unsigned char data i, j;
   7   1      
   8   1              while(ms--)
   9   1              {
  10   2                      i = 2;
  11   2                      j = 199;
  12   2                      do
  13   2                      {
  14   3                              while (--j);
  15   3                      } while (--i);
  16   2              }
  17   1      }
  18          
  19          
  20                  
  21          
  22          int main()
  23          {
  24   1              unsigned char Led = 0;
  25   1              while(1)
  26   1              {
  27   2                      if(P3_1 == 0)
  28   2                      {
  29   3                              Delay(20);
  30   3                              while(P3_1 == 0);
  31   3                              Delay(20);
  32   3                              
  33   3                              Led++;
  34   3                              P2 = ~Led;
  35   3                      }
  36   2              }
  37   1      }


MODULE INFORMATION:   STATIC OVERLAYABLE
   CODE SIZE        =     50    ----
   CONSTANT SIZE    =   ----    ----
   XDATA SIZE       =   ----    ----
   PDATA SIZE       =   ----    ----
   DATA SIZE        =   ----    ----
   IDATA SIZE       =   ----    ----
   BIT SIZE         =   ----    ----
END OF MODULE INFORMATION.


C51 COMPILATION COMPLETE.  0 WARNING(S),  0 ERROR(S)
