C51 COMPILER V9.57.0.0   MAIN                                                              09/16/2025 20:10:01 PAGE 1   


C51 COMPILER V9.57.0.0, COMPILATION OF MODULE MAIN
OBJECT MODULE PLACED IN .\Objects\main.obj
COMPILER INVOKED BY: D:\Keil_v5\C51\BIN\C51.EXE main.c OPTIMIZE(8,SPEED) BROWSE DEBUG OBJECTEXTEND PRINT(.\Listings\main
                    -.lst) OBJECT(.\Objects\main.obj)

line level    source

   1          #include <REGX52.H>
   2          #include "Delay.h"
   3          
   4          unsigned char Sec;
   5          
   6          void UART_Init()
   7          {
   8   1              SCON = 0x40;
   9   1              PCON &= 0x7f; 
  10   1              TMOD &= 0x0f;
  11   1              TMOD |= 0x20;
  12   1              TL1 = 0xfa;
  13   1              TH1 = 0xfa;
  14   1              ET1 = 0;
  15   1              TR1 = 1;
  16   1      }
  17          
  18          void UART_SendByte(unsigned char Byte)
  19          {
  20   1              SBUF = Byte;
  21   1              while(TI == 0);
  22   1              TI = 0;
  23   1              
  24   1      }
  25          
  26          int main()
  27          {
  28   1              UART_Init();
  29   1              
  30   1              while(1)
  31   1              {
  32   2                      UART_SendByte(Sec);
  33   2                      Sec++;
  34   2                      Delay(1000);
  35   2              }
  36   1      }


MODULE INFORMATION:   STATIC OVERLAYABLE
   CODE SIZE        =     50    ----
   CONSTANT SIZE    =   ----    ----
   XDATA SIZE       =   ----    ----
   PDATA SIZE       =   ----    ----
   DATA SIZE        =      1    ----
   IDATA SIZE       =   ----    ----
   BIT SIZE         =   ----    ----
END OF MODULE INFORMATION.


C51 COMPILATION COMPLETE.  0 WARNING(S),  0 ERROR(S)
