C51 COMPILER V9.57.0.0   MAIN                                                              09/15/2025 22:47:05 PAGE 1   


C51 COMPILER V9.57.0.0, COMPILATION OF MODULE MAIN
OBJECT MODULE PLACED IN .\Objects\main.obj
COMPILER INVOKED BY: D:\Keil_v5\C51\BIN\C51.EXE main.c OPTIMIZE(8,SPEED) BROWSE DEBUG OBJECTEXTEND PRINT(.\Listings\main
                    -.lst) OBJECT(.\Objects\main.obj)

line level    source

   1          #include <REGX52.H>
   2          #include "Timer0.h"
   3          #include "Delay.h"
   4          #include "Key.h"
   5          #include "LCD1602.h"
   6          
   7          unsigned char Second = 55,Minute = 59,Hour = 23;
   8          
   9          
  10          int main()
  11          {
  12   1              Timer0_Init();
  13   1              LCD_Init();
  14   1              LCD_ShowString(1,1,"Time:");
  15   1              LCD_ShowString(2,3,":  :");
  16   1              while(1)
  17   1              {
  18   2                      
  19   2                      LCD_ShowNum(2,1,Hour,2);
  20   2                      LCD_ShowNum(2,4,Minute,2);
  21   2                      LCD_ShowNum(2,7,Second,2);
  22   2              }
  23   1      }
  24          
  25          void Timer0_Rountine() interrupt 1
  26          {
  27   1              static unsigned int Count = 0;
  28   1              TL0 = 0x66;
  29   1              TH0 = 0xfc;
  30   1              
  31   1              Count++;
  32   1              if(Count>=1000)
  33   1              {
  34   2                      Count = 0;
  35   2                      Second++;
  36   2                      if(Second>=60)
  37   2                      {
  38   3                              Second = 0;
  39   3                              Minute++;
  40   3                              if(Minute>=60)
  41   3                              {
  42   4                                      Minute = 0;
  43   4                                      Hour++;
  44   4                                      if(Hour>=24)
  45   4                                              Hour = 0;
  46   4                              }
  47   3                      }
  48   2              }
  49   1      }


MODULE INFORMATION:   STATIC OVERLAYABLE
   CODE SIZE        =    150    ----
   CONSTANT SIZE    =     11    ----
C51 COMPILER V9.57.0.0   MAIN                                                              09/15/2025 22:47:05 PAGE 2   

   XDATA SIZE       =   ----    ----
   PDATA SIZE       =   ----    ----
   DATA SIZE        =      5    ----
   IDATA SIZE       =   ----    ----
   BIT SIZE         =   ----    ----
END OF MODULE INFORMATION.


C51 COMPILATION COMPLETE.  0 WARNING(S),  0 ERROR(S)
