C51 COMPILER V9.57.0.0   KEY                                                               09/14/2025 21:49:31 PAGE 1   


C51 COMPILER V9.57.0.0, COMPILATION OF MODULE KEY
OBJECT MODULE PLACED IN .\Objects\Key.obj
COMPILER INVOKED BY: D:\Keil_v5\C51\BIN\C51.EXE Key.c OPTIMIZE(8,SPEED) BROWSE DEBUG OBJECTEXTEND PRINT(.\Listings\Key.l
                    -st) OBJECT(.\Objects\Key.obj)

line level    source

   1          #include <REGX52.H>
   2          #include "Delay.h"
   3          
   4          unsigned char Key_read()
   5          {
   6   1              unsigned char temp = 0;
   7   1              P1 = 0xff;
   8   1              P1_3 = 0;
   9   1              if(P1_7 == 0) {Delay(20);while(P1_7 == 0);Delay(20);temp = 1;}
  10   1              if(P1_6 == 0) {Delay(20);while(P1_6 == 0);Delay(20);temp = 5;}
  11   1              if(P1_5 == 0) {Delay(20);while(P1_5 == 0);Delay(20);temp = 9;}
  12   1              if(P1_4 == 0) {Delay(20);while(P1_4 == 0);Delay(20);temp = 13;}
  13   1              P1 = 0xff;
  14   1              P1_3 = 1;
  15   1              if(P1_7 == 0) {Delay(20);while(P1_7 == 0);Delay(20);temp = 2;}
  16   1              if(P1_6 == 0) {Delay(20);while(P1_6 == 0);Delay(20);temp = 6;}
  17   1              if(P1_5 == 0) {Delay(20);while(P1_5 == 0);Delay(20);temp = 10;}
  18   1              if(P1_4 == 0) {Delay(20);while(P1_4 == 0);Delay(20);temp = 14;}
  19   1              P1 = 0xff;
  20   1              P1_3 = 1;
  21   1              if(P1_7 == 0) {Delay(20);while(P1_7 == 0);Delay(20);temp = 3;}
  22   1              if(P1_6 == 0) {Delay(20);while(P1_6 == 0);Delay(20);temp = 7;}
  23   1              if(P1_5 == 0) {Delay(20);while(P1_5 == 0);Delay(20);temp = 11;}
  24   1              if(P1_4 == 0) {Delay(20);while(P1_4 == 0);Delay(20);temp = 15;}
  25   1              P1 = 0xff;
  26   1              P1_3 = 1;
  27   1              if(P1_7 == 0) {Delay(20);while(P1_7 == 0);Delay(20);temp = 4;}
  28   1              if(P1_6 == 0) {Delay(20);while(P1_6 == 0);Delay(20);temp = 8;}
  29   1              if(P1_5 == 0) {Delay(20);while(P1_5 == 0);Delay(20);temp = 12;}
  30   1              if(P1_4 == 0) {Delay(20);while(P1_4 == 0);Delay(20);temp = 16;}
  31   1              return temp;
  32   1      }


MODULE INFORMATION:   STATIC OVERLAYABLE
   CODE SIZE        =    393    ----
   CONSTANT SIZE    =   ----    ----
   XDATA SIZE       =   ----    ----
   PDATA SIZE       =   ----    ----
   DATA SIZE        =   ----       1
   IDATA SIZE       =   ----    ----
   BIT SIZE         =   ----    ----
END OF MODULE INFORMATION.


C51 COMPILATION COMPLETE.  0 WARNING(S),  0 ERROR(S)
