C51 COMPILER V9.57.0.0   MAIN                                                              09/14/2025 22:07:59 PAGE 1   


C51 COMPILER V9.57.0.0, COMPILATION OF MODULE MAIN
OBJECT MODULE PLACED IN .\Objects\main.obj
COMPILER INVOKED BY: D:\Keil_v5\C51\BIN\C51.EXE main.c OPTIMIZE(8,SPEED) BROWSE DEBUG OBJECTEXTEND PRINT(.\Listings\main
                    -.lst) OBJECT(.\Objects\main.obj)

line level    source

   1          #include <REGX52.H>
   2          #include <INTRINS.H>
   3          #include "Time0.h"
   4          #include "Delay.h"
   5          #include "Key.h"
   6          
   7          unsigned char KeyNum = 0;
   8          unsigned char LedMode;
   9          
  10          int main()
  11          {
  12   1              Timer0_Init();
  13   1              P2 = 0xfe;
  14   1              while(1)
  15   1              {
  16   2                      KeyNum = Key_read();
  17   2                      if(KeyNum)
  18   2                      {
  19   3                              if(KeyNum == 1)
  20   3                              {
  21   4                                      LedMode++;
  22   4                                      if(LedMode>=2) LedMode = 0;
  23   4                              }
  24   3                      }
  25   2              }
  26   1      }
  27          
  28          
  29          void Timer0_Routine()  interrupt 1
  30          {
  31   1              static unsigned int Count;
  32   1              TL0 = 0x66;                             
  33   1              TH0 = 0xFC;
  34   1              Count++;
  35   1              if(Count>=1000)
  36   1              {
  37   2                      Count = 0;
  38   2                      if(LedMode == 0)
  39   2                              P2 =_crol_(P2,1);
  40   2                      if(LedMode == 1)
  41   2                              P2 =_cror_(P2,1);
  42   2              }
  43   1      }


MODULE INFORMATION:   STATIC OVERLAYABLE
   CODE SIZE        =    116    ----
   CONSTANT SIZE    =   ----    ----
   XDATA SIZE       =   ----    ----
   PDATA SIZE       =   ----    ----
   DATA SIZE        =      4    ----
   IDATA SIZE       =   ----    ----
   BIT SIZE         =   ----    ----
END OF MODULE INFORMATION.

C51 COMPILER V9.57.0.0   MAIN                                                              09/14/2025 22:07:59 PAGE 2   


C51 COMPILATION COMPLETE.  0 WARNING(S),  0 ERROR(S)
