C51 COMPILER V9.57.0.0   MAIN                                                              09/11/2025 10:45:05 PAGE 1   


C51 COMPILER V9.57.0.0, COMPILATION OF MODULE MAIN
OBJECT MODULE PLACED IN .\Objects\main.obj
COMPILER INVOKED BY: D:\Keil_v5\C51\BIN\C51.EXE main.c OPTIMIZE(8,SPEED) BROWSE DEBUG OBJECTEXTEND PRINT(.\Listings\main
                    -.lst) TABS(2) OBJECT(.\Objects\main.obj)

line level    source

   1          #include <REGX52.H>
   2          #include <INTRINS.H>
   3          
   4          void Delay500ms(void) //@11.0592MHz
   5          {
   6   1        unsigned char data i, j, k;
   7   1      
   8   1        _nop_();
   9   1        i = 4;
  10   1        j = 129;
  11   1        k = 119;
  12   1        do
  13   1        {
  14   2          do
  15   2          {
  16   3            while (--k);
  17   3          } while (--j);
  18   2        } while (--i);
  19   1      }
  20          
  21          
  22          int main()
  23          {
  24   1          while(1)
  25   1          {
  26   2            P2 = 0xfe;
  27   2            Delay500ms();
  28   2            P2 = 0xfd;
  29   2            Delay500ms();
  30   2            P2 = 0xfb;
  31   2            Delay500ms();
  32   2            P2 = 0xf7;
  33   2            Delay500ms();
  34   2            P2 = 0xef;
  35   2            Delay500ms();
  36   2            P2 = 0xdf;
  37   2            Delay500ms();
  38   2            P2 = 0xbf;
  39   2            Delay500ms();
  40   2            P2 = 0x7f;
  41   2            Delay500ms();
  42   2          }
  43   1      }


MODULE INFORMATION:   STATIC OVERLAYABLE
   CODE SIZE        =     64    ----
   CONSTANT SIZE    =   ----    ----
   XDATA SIZE       =   ----    ----
   PDATA SIZE       =   ----    ----
   DATA SIZE        =   ----    ----
   IDATA SIZE       =   ----    ----
   BIT SIZE         =   ----    ----
END OF MODULE INFORMATION.

C51 COMPILER V9.57.0.0   MAIN                                                              09/11/2025 10:45:05 PAGE 2   


C51 COMPILATION COMPLETE.  0 WARNING(S),  0 ERROR(S)
